C:\USERS\ADMINISTRATOR\DESKTOP\设计模式\装饰模式\DEBUG\DECORATOR.OBJ
C:\USERS\ADMINISTRATOR\DESKTOP\设计模式\装饰模式\DEBUG\VC110.PDB
C:\USERS\ADMINISTRATOR\DESKTOP\设计模式\DEBUG\装饰模式.ILK
C:\USERS\ADMINISTRATOR\DESKTOP\设计模式\DEBUG\装饰模式.EXE
C:\USERS\ADMINISTRATOR\DESKTOP\设计模式\DEBUG\装饰模式.PDB
C:\Users\Administrator\Desktop\设计模式\装饰模式\Debug\Decorator.obj
C:\Users\Administrator\Desktop\设计模式\装饰模式\Debug\cl.command.1.tlog
C:\Users\Administrator\Desktop\设计模式\装饰模式\Debug\CL.read.1.tlog
C:\Users\Administrator\Desktop\设计模式\装饰模式\Debug\CL.write.1.tlog
C:\Users\Administrator\Desktop\设计模式\装饰模式\Debug\link-cvtres.read.1.tlog
C:\Users\Administrator\Desktop\设计模式\装饰模式\Debug\link-cvtres.write.1.tlog
C:\Users\Administrator\Desktop\设计模式\装饰模式\Debug\link-rc.read.1.tlog
C:\Users\Administrator\Desktop\设计模式\装饰模式\Debug\link-rc.write.1.tlog
C:\Users\Administrator\Desktop\设计模式\装饰模式\Debug\link.command.1.tlog
C:\Users\Administrator\Desktop\设计模式\装饰模式\Debug\link.read.1.tlog
C:\Users\Administrator\Desktop\设计模式\装饰模式\Debug\link.write.1.tlog
C:\Users\Administrator\Desktop\设计模式\装饰模式\Debug\vc110.idb
C:\Users\Administrator\Desktop\设计模式\装饰模式\Debug\vc110.pdb
C:\Users\Administrator\Desktop\设计模式\Debug\装饰模式.pdb
C:\Users\Administrator\Desktop\设计模式\Debug\装饰模式.exe
C:\Users\Administrator\Desktop\设计模式\Debug\装饰模式.ilk
