C:\USERS\ADMINISTRATOR\DESKTOP\设计模式\策略模式\DEBUG\策略模式.OBJ
C:\USERS\ADMINISTRATOR\DESKTOP\设计模式\策略模式\DEBUG\VC110.PDB
C:\USERS\ADMINISTRATOR\DESKTOP\设计模式\DEBUG\策略模式.ILK
C:\USERS\ADMINISTRATOR\DESKTOP\设计模式\DEBUG\策略模式.EXE
C:\USERS\ADMINISTRATOR\DESKTOP\设计模式\DEBUG\策略模式.PDB
C:\Users\Administrator\Desktop\设计模式\策略模式\Debug\策略模式.obj
C:\Users\Administrator\Desktop\设计模式\策略模式\Debug\cl.command.1.tlog
C:\Users\Administrator\Desktop\设计模式\策略模式\Debug\CL.read.1.tlog
C:\Users\Administrator\Desktop\设计模式\策略模式\Debug\CL.write.1.tlog
C:\Users\Administrator\Desktop\设计模式\策略模式\Debug\link-cvtres.read.1.tlog
C:\Users\Administrator\Desktop\设计模式\策略模式\Debug\link-cvtres.write.1.tlog
C:\Users\Administrator\Desktop\设计模式\策略模式\Debug\link-rc.read.1.tlog
C:\Users\Administrator\Desktop\设计模式\策略模式\Debug\link-rc.write.1.tlog
C:\Users\Administrator\Desktop\设计模式\策略模式\Debug\link.command.1.tlog
C:\Users\Administrator\Desktop\设计模式\策略模式\Debug\link.read.1.tlog
C:\Users\Administrator\Desktop\设计模式\策略模式\Debug\link.write.1.tlog
C:\Users\Administrator\Desktop\设计模式\策略模式\Debug\vc110.idb
C:\Users\Administrator\Desktop\设计模式\策略模式\Debug\vc110.pdb
C:\Users\Administrator\Desktop\设计模式\Debug\策略模式.pdb
C:\Users\Administrator\Desktop\设计模式\Debug\策略模式.exe
C:\Users\Administrator\Desktop\设计模式\Debug\策略模式.ilk
