C:\USERS\ADMINISTRATOR\DESKTOP\设计模式\设计模式\DEBUG\简单工厂模式.OBJ
C:\USERS\ADMINISTRATOR\DESKTOP\设计模式\设计模式\DEBUG\VC110.PDB
C:\USERS\ADMINISTRATOR\DESKTOP\设计模式\设计模式\DEBUG\策略模式.OBJ
C:\Users\Administrator\Desktop\设计模式\设计模式\Debug\策略模式.obj
C:\Users\Administrator\Desktop\设计模式\设计模式\Debug\简单工厂模式.obj
C:\Users\Administrator\Desktop\设计模式\设计模式\Debug\cl.command.1.tlog
C:\Users\Administrator\Desktop\设计模式\设计模式\Debug\CL.read.1.tlog
C:\Users\Administrator\Desktop\设计模式\设计模式\Debug\CL.write.1.tlog
C:\Users\Administrator\Desktop\设计模式\设计模式\Debug\link-cvtres.read.1.tlog
C:\Users\Administrator\Desktop\设计模式\设计模式\Debug\link-cvtres.write.1.tlog
C:\Users\Administrator\Desktop\设计模式\设计模式\Debug\link-rc.read.1.tlog
C:\Users\Administrator\Desktop\设计模式\设计模式\Debug\link-rc.write.1.tlog
C:\Users\Administrator\Desktop\设计模式\设计模式\Debug\link.9908-cvtres.read.1.tlog
C:\Users\Administrator\Desktop\设计模式\设计模式\Debug\link.9908-cvtres.write.1.tlog
C:\Users\Administrator\Desktop\设计模式\设计模式\Debug\link.9908-rc.read.1.tlog
C:\Users\Administrator\Desktop\设计模式\设计模式\Debug\link.9908-rc.write.1.tlog
C:\Users\Administrator\Desktop\设计模式\设计模式\Debug\link.9908.read.1.tlog
C:\Users\Administrator\Desktop\设计模式\设计模式\Debug\link.9908.write.1.tlog
C:\Users\Administrator\Desktop\设计模式\设计模式\Debug\link.command.1.tlog
C:\Users\Administrator\Desktop\设计模式\设计模式\Debug\link.read.1.tlog
C:\Users\Administrator\Desktop\设计模式\设计模式\Debug\link.write.1.tlog
C:\Users\Administrator\Desktop\设计模式\设计模式\Debug\vc110.idb
C:\Users\Administrator\Desktop\设计模式\设计模式\Debug\vc110.pdb
